<?xml version="1.0" encoding="UTF-8"?>
<!-- Generated by org.testng.reporters.JUnitReportReporter -->
<testsuite skipped="0" hostname="Gowtham_S" name="testNg.Login" tests="1" failures="0" timestamp="20 Sep 2023 09:03:57 GMT" time="16.339" errors="0">
  <testcase name="testmain" time="16.339" classname="testNg.Login"/>
</testsuite> <!-- testNg.Login -->
