<?xml version="1.0" encoding="UTF-8"?>
<!-- Generated by org.testng.reporters.JUnitReportReporter -->
<testsuite skipped="0" hostname="Gowtham_S" name="testNg.WebTable" tests="1" failures="0" timestamp="31 Aug 2023 07:52:29 GMT" time="13.593" errors="0">
  <testcase name="DynamicWebTable" time="13.593" classname="testNg.WebTable"/>
</testsuite> <!-- testNg.WebTable -->
